<?xml version="1.0" encoding="UTF-8"?>
<!-- Generated by org.testng.reporters.JUnitReportReporter -->
<testsuite name="com.gapstar.testcases.LandingPageTest" tests="2" time="154.089" ignored="0" failures="0" timestamp="03 Aug 2020 08:37:05 GMT" skipped="0" hostname="RS-Rihan-PC" errors="0">
  <testcase name="verifyUserRegistrationAndCreatePastBook" time="101.090" classname="com.gapstar.testcases.LandingPageTest"/>
  <testcase name="verifyUserLoginWithPreviousCredentials" time="52.999" classname="com.gapstar.testcases.LandingPageTest"/>
</testsuite> <!-- com.gapstar.testcases.LandingPageTest -->
